<?xml version="1.0" encoding="UTF-8"?>
<testsuite xmlns:xsi="http://www.w3.org/2001/XMLSchema-instance" xsi:noNamespaceSchemaLocation="https://maven.apache.org/surefire/maven-surefire-plugin/xsd/surefire-test-report.xsd" version="3.0.2" name="com.aguiabranca.api.DashboardTest" time="0.148" tests="2" errors="0" skipped="0" failures="0">
  <properties>
[...]
</properties>
  <testcase name="numerosDoDashboardBatemComOSeed" classname="com.aguiabranca.api.DashboardTest" time="0.077">
    <system-out><![CDATA[2026-09-18T20:40:25.240-03:00  INFO 88684 --- [api] [           main] t.c.s.AnnotationConfigContextLoaderUtils : Could not detect default configuration classes for test class [com.aguiabranca.api.DashboardTest]: DashboardTest does not declare any static, non-private, non-final, nested classes annotated with @Configuration.
2026-09-18T20:40:25.241-03:00  INFO 88684 --- [api] [           main] .b.t.c.SpringBootTestContextBootstrapper : Found @SpringBootConfiguration com.aguiabranca.api.ApiApplication for test class com.aguiabranca.api.DashboardTest
Hibernate: select u1_0.id,u1_0.matricula,u1_0.nome,u1_0.perfil,u1_0.senha from usuario u1_0 where u1_0.matricula=?
Hibernate: select coalesce(count(p1_0.id),0),coalesce(sum(case when p1_0.status='CONCLUIDO' then 1 else 0 end),0),coalesce(sum(case when p1_0.status='EM_ANDAMENTO' then 1 else 0 end),0),coalesce(sum(p1_0.investimento),0),coalesce(sum(p1_0.economia_anual_estimada),0),coalesce(sum(p1_0.economia_anual_realizada),0),coalesce(sum(p1_0.horas_economizadas_mes),0),coalesce(sum(case when p1_0.investimento is null or p1_0.investimento=0 then 1 else 0 end),0),coalesce(sum(case when p1_0.investimento is not null and p1_0.investimento<>0 then p1_0.investimento else 0 end),0),coalesce(sum(case when p1_0.investimento is not null and p1_0.investimento<>0 then p1_0.economia_anual_estimada else 0 end),0),coalesce(sum(case when p1_0.investimento is not null and p1_0.investimento<>0 then p1_0.economia_anual_realizada else 0 end),0) from projeto p1_0 where p1_0.status<>'CANCELADO'
]]></system-out>
  </testcase>
  <testcase name="gestorNaoAcessaODashboard" classname="com.aguiabranca.api.DashboardTest" time="0.068">
    <system-out><![CDATA[Hibernate: select u1_0.id,u1_0.matricula,u1_0.nome,u1_0.perfil,u1_0.senha from usuario u1_0 where u1_0.matricula=?
]]></system-out>
  </testcase>
</testsuite>