<?xml version="1.0" encoding="UTF-8"?>
<testsuite xmlns:xsi="http://www.w3.org/2001/XMLSchema-instance" xsi:noNamespaceSchemaLocation="https://maven.apache.org/surefire/maven-surefire-plugin/xsd/surefire-test-report.xsd" version="3.0.2" name="com.aguiabranca.api.repository.DashboardAgregacaoTest" time="2.065" tests="4" errors="0" skipped="0" failures="0">
  <properties>
[...]
</properties>
  <testcase name="bancoVazioRetornaZerosENuncaNull" classname="com.aguiabranca.api.repository.DashboardAgregacaoTest" time="0.301">
    <system-out><![CDATA[20:40:22.061 [main] INFO org.springframework.test.context.support.AnnotationConfigContextLoaderUtils -- Could not detect default configuration classes for test class [com.aguiabranca.api.repository.DashboardAgregacaoTest]: DashboardAgregacaoTest does not declare any static, non-private, non-final, nested classes annotated with @Configuration.
20:40:22.112 [main] INFO org.springframework.boot.test.context.SpringBootTestContextBootstrapper -- Found @SpringBootConfiguration com.aguiabranca.api.ApiApplication for test class com.aguiabranca.api.repository.DashboardAgregacaoTest

  .   ____          _            __ _ _
 /\\ / ___'_ __ _ _(_)_ __  __ _ \ \ \ \
( ( )\___ | '_ | '_| | '_ \/ _` | \ \ \ \
 \\/  ___)| |_)| | | | | || (_| |  ) ) ) )
  '  |____| .__|_| |_|_| |_\__, | / / / /
 =========|_|==============|___/=/_/_/_/

 :: Spring Boot ::                (v3.5.6)

2026-09-18T20:40:22.255-03:00  INFO 88684 --- [api] [           main] c.a.a.repository.DashboardAgregacaoTest  : Starting DashboardAgregacaoTest using Java 21.0.12.1 with PID 88684 (started by lucassilveira in /Users/lucassilveira/Projects/fiap/aguiabranca-api)
2026-09-18T20:40:22.256-03:00  INFO 88684 --- [api] [           main] c.a.a.repository.DashboardAgregacaoTest  : No active profile set, falling back to 1 default profile: "default"
2026-09-18T20:40:22.409-03:00  INFO 88684 --- [api] [           main] .s.d.r.c.RepositoryConfigurationDelegate : Bootstrapping Spring Data JPA repositories in DEFAULT mode.
2026-09-18T20:40:22.434-03:00  INFO 88684 --- [api] [           main] .s.d.r.c.RepositoryConfigurationDelegate : Finished Spring Data repository scanning in 21 ms. Found 5 JPA repository interfaces.
2026-09-18T20:40:22.457-03:00  INFO 88684 --- [api] [           main] beddedDataSourceBeanFactoryPostProcessor : Replacing 'dataSource' DataSource bean with embedded version
2026-09-18T20:40:22.510-03:00  INFO 88684 --- [api] [           main] o.s.j.d.e.EmbeddedDatabaseFactory        : Starting embedded database: url='jdbc:h2:mem:24c737c5-9057-4a54-8789-be8694a16e39;DB_CLOSE_DELAY=-1;DB_CLOSE_ON_EXIT=false', username='sa'
2026-09-18T20:40:22.597-03:00  INFO 88684 --- [api] [           main] o.hibernate.jpa.internal.util.LogHelper  : HHH000204: Processing PersistenceUnitInfo [name: default]
2026-09-18T20:40:22.621-03:00  INFO 88684 --- [api] [           main] org.hibernate.Version                    : HHH000412: Hibernate ORM core version 6.6.29.Final
2026-09-18T20:40:22.633-03:00  INFO 88684 --- [api] [           main] o.h.c.internal.RegionFactoryInitiator    : HHH000026: Second-level cache disabled
2026-09-18T20:40:22.713-03:00  INFO 88684 --- [api] [           main] o.s.o.j.p.SpringPersistenceUnitInfo      : No LoadTimeWeaver setup: ignoring JPA class transformer
2026-09-18T20:40:22.731-03:00  WARN 88684 --- [api] [           main] org.hibernate.orm.deprecation            : HHH90000025: H2Dialect does not need to be specified explicitly using 'hibernate.dialect' (remove the property setting and it will be selected by default)
2026-09-18T20:40:22.738-03:00  INFO 88684 --- [api] [           main] org.hibernate.orm.connections.pooling    : HHH10001005: Database info:
	Database JDBC URL [Connecting through datasource 'org.springframework.jdbc.datasource.embedded.EmbeddedDatabaseFactory$EmbeddedDataSourceProxy@ca546a1']
	Database driver: undefined/unknown
	Database version: 2.3.232
	Autocommit mode: undefined/unknown
	Isolation level: undefined/unknown
	Minimum pool size: undefined/unknown
	Maximum pool size: undefined/unknown
2026-09-18T20:40:23.109-03:00  INFO 88684 --- [api] [           main] o.h.e.t.j.p.i.JtaPlatformInitiator       : HHH000489: No JTA platform available (set 'hibernate.transaction.jta.platform' to enable JTA platform integration)
Hibernate: drop table if exists foco_estrategico cascade 
Hibernate: drop table if exists foco_estrategico_areas_potenciais cascade 
Hibernate: drop table if exists ideia cascade 
Hibernate: drop table if exists projeto cascade 
Hibernate: drop table if exists projeto_ideia cascade 
Hibernate: drop table if exists tarefa cascade 
Hibernate: drop table if exists usuario cascade 
Hibernate: create table foco_estrategico (ativo boolean not null, descricao varchar(255), id varchar(255) not null, mes varchar(255), titulo varchar(255), primary key (id))
Hibernate: create table foco_estrategico_areas_potenciais (areas_potenciais varchar(255), foco_estrategico_id varchar(255) not null)
Hibernate: create table ideia (investimento numeric(38,2), is_strategic_bonus boolean not null, prazo date, retorno numeric(38,2), atualizado_em timestamp(6), autor_id bigint not null, criado_em timestamp(6), area varchar(255), descricao varchar(255), id varchar(255) not null, titulo varchar(255), esforco enum ('ALTO','BAIXO','MEDIO'), impacto enum ('ALTO','BAIXO','MEDIO'), prioridade enum ('ALTA','BAIXA','MEDIA'), status enum ('APROVADA','CONCLUIDA','EM_EXECUCAO','ENVIADA','REJEITADA'), primary key (id))
Hibernate: create table projeto (data_inicio date, data_prevista_conclusao date, economia_anual_estimada numeric(15,2), economia_anual_realizada numeric(15,2), horas_economizadas_mes integer, investimento numeric(15,2), atualizado_em timestamp(6), criado_em timestamp(6), responsavel_id bigint, version bigint, area varchar(255), descricao varchar(255), id varchar(255) not null, observacao varchar(255), titulo varchar(255), status enum ('CANCELADO','CONCLUIDO','EM_ANDAMENTO','PLANEJADO'), primary key (id))
Hibernate: create table projeto_ideia (ideia_id varchar(255) not null unique, projeto_id varchar(255) not null, primary key (ideia_id, projeto_id))
Hibernate: create table tarefa (data_conclusao date, id integer generated by default as identity, projeto_id varchar(255), titulo varchar(255), status enum ('CONCLUIDA','EM_ANDAMENTO','PENDENTE'), primary key (id))
Hibernate: create table usuario (id bigint generated by default as identity, matricula varchar(255), nome varchar(255), senha varchar(255), perfil enum ('GESTOR','LIDERANCA','OPERADOR'), primary key (id))
Hibernate: alter table if exists foco_estrategico_areas_potenciais add constraint FKkm1x0ck10ys33riwb0nsi8axv foreign key (foco_estrategico_id) references foco_estrategico
Hibernate: alter table if exists ideia add constraint FK4x5kc8ajbm35v2uxe2916b6do foreign key (autor_id) references usuario
Hibernate: alter table if exists projeto add constraint FK1rps7s0gmrfuwjrucackceyln foreign key (responsavel_id) references usuario
Hibernate: alter table if exists projeto_ideia add constraint FKbt6r1ui5gb7vyec7non6k1dxb foreign key (ideia_id) references ideia
Hibernate: alter table if exists projeto_ideia add constraint FKcevrlddiocyws6l2vro7jgigm foreign key (projeto_id) references projeto
Hibernate: alter table if exists tarefa add constraint FK31mg2pprceeim7dki4aq2qjkb foreign key (projeto_id) references projeto
2026-09-18T20:40:23.133-03:00  INFO 88684 --- [api] [           main] j.LocalContainerEntityManagerFactoryBean : Initialized JPA EntityManagerFactory for persistence unit 'default'
2026-09-18T20:40:23.264-03:00  INFO 88684 --- [api] [           main] o.s.d.j.r.query.QueryEnhancerFactory     : Hibernate is in classpath; If applicable, HQL parser will be used.
2026-09-18T20:40:23.725-03:00  INFO 88684 --- [api] [           main] c.a.a.repository.DashboardAgregacaoTest  : Started DashboardAgregacaoTest in 1.59 seconds (process running for 1.961)
Hibernate: select coalesce(count(p1_0.id),0),coalesce(sum(case when p1_0.status='CONCLUIDO' then 1 else 0 end),0),coalesce(sum(case when p1_0.status='EM_ANDAMENTO' then 1 else 0 end),0),coalesce(sum(p1_0.investimento),0),coalesce(sum(p1_0.economia_anual_estimada),0),coalesce(sum(p1_0.economia_anual_realizada),0),coalesce(sum(p1_0.horas_economizadas_mes),0),coalesce(sum(case when p1_0.investimento is null or p1_0.investimento=0 then 1 else 0 end),0),coalesce(sum(case when p1_0.investimento is not null and p1_0.investimento<>0 then p1_0.investimento else 0 end),0),coalesce(sum(case when p1_0.investimento is not null and p1_0.investimento<>0 then p1_0.economia_anual_estimada else 0 end),0),coalesce(sum(case when p1_0.investimento is not null and p1_0.investimento<>0 then p1_0.economia_anual_realizada else 0 end),0) from projeto p1_0 where p1_0.status<>'CANCELADO'
]]></system-out>
    <system-err><![CDATA[Mockito is currently self-attaching to enable the inline-mock-maker. This will no longer work in future releases of the JDK. Please add Mockito as an agent to your build as described in Mockito's documentation: https://javadoc.io/doc/org.mockito/mockito-core/latest/org.mockito/org/mockito/Mockito.html#0.3
WARNING: A Java agent has been loaded dynamically (/Users/lucassilveira/.m2/repository/net/bytebuddy/byte-buddy-agent/1.17.7/byte-buddy-agent-1.17.7.jar)
WARNING: If a serviceability tool is in use, please run with -XX:+EnableDynamicAgentLoading to hide this warning
WARNING: If a serviceability tool is not in use, please run with -Djdk.instrument.traceUsage for more information
WARNING: Dynamic loading of agents will be disallowed by default in a future release
]]></system-err>
  </testcase>
  <testcase name="economiaRealizadaNulaComEconomiaSomaComoZero" classname="com.aguiabranca.api.repository.DashboardAgregacaoTest" time="0.027">
    <system-out><![CDATA[Hibernate: insert into projeto (area,atualizado_em,criado_em,data_inicio,data_prevista_conclusao,descricao,economia_anual_estimada,economia_anual_realizada,horas_economizadas_mes,investimento,observacao,responsavel_id,status,titulo,version,id) values (?,?,?,?,?,?,?,?,?,?,?,?,?,?,?,?)
Hibernate: select coalesce(count(p1_0.id),0),coalesce(sum(case when p1_0.status='CONCLUIDO' then 1 else 0 end),0),coalesce(sum(case when p1_0.status='EM_ANDAMENTO' then 1 else 0 end),0),coalesce(sum(p1_0.investimento),0),coalesce(sum(p1_0.economia_anual_estimada),0),coalesce(sum(p1_0.economia_anual_realizada),0),coalesce(sum(p1_0.horas_economizadas_mes),0),coalesce(sum(case when p1_0.investimento is null or p1_0.investimento=0 then 1 else 0 end),0),coalesce(sum(case when p1_0.investimento is not null and p1_0.investimento<>0 then p1_0.investimento else 0 end),0),coalesce(sum(case when p1_0.investimento is not null and p1_0.investimento<>0 then p1_0.economia_anual_estimada else 0 end),0),coalesce(sum(case when p1_0.investimento is not null and p1_0.investimento<>0 then p1_0.economia_anual_realizada else 0 end),0) from projeto p1_0 where p1_0.status<>'CANCELADO'
]]></system-out>
  </testcase>
  <testcase name="projetoCanceladoEExcluidoInteiramenteDoAgregado" classname="com.aguiabranca.api.repository.DashboardAgregacaoTest" time="0.005">
    <system-out><![CDATA[Hibernate: insert into projeto (area,atualizado_em,criado_em,data_inicio,data_prevista_conclusao,descricao,economia_anual_estimada,economia_anual_realizada,horas_economizadas_mes,investimento,observacao,responsavel_id,status,titulo,version,id) values (?,?,?,?,?,?,?,?,?,?,?,?,?,?,?,?)
Hibernate: select coalesce(count(p1_0.id),0),coalesce(sum(case when p1_0.status='CONCLUIDO' then 1 else 0 end),0),coalesce(sum(case when p1_0.status='EM_ANDAMENTO' then 1 else 0 end),0),coalesce(sum(p1_0.investimento),0),coalesce(sum(p1_0.economia_anual_estimada),0),coalesce(sum(p1_0.economia_anual_realizada),0),coalesce(sum(p1_0.horas_economizadas_mes),0),coalesce(sum(case when p1_0.investimento is null or p1_0.investimento=0 then 1 else 0 end),0),coalesce(sum(case when p1_0.investimento is not null and p1_0.investimento<>0 then p1_0.investimento else 0 end),0),coalesce(sum(case when p1_0.investimento is not null and p1_0.investimento<>0 then p1_0.economia_anual_estimada else 0 end),0),coalesce(sum(case when p1_0.investimento is not null and p1_0.investimento<>0 then p1_0.economia_anual_realizada else 0 end),0) from projeto p1_0 where p1_0.status<>'CANCELADO'
]]></system-out>
  </testcase>
  <testcase name="projetoComInvestimentoZeroContaComoSemInvestimentoMasEntraNosTotais" classname="com.aguiabranca.api.repository.DashboardAgregacaoTest" time="0.004">
    <system-out><![CDATA[Hibernate: insert into projeto (area,atualizado_em,criado_em,data_inicio,data_prevista_conclusao,descricao,economia_anual_estimada,economia_anual_realizada,horas_economizadas_mes,investimento,observacao,responsavel_id,status,titulo,version,id) values (?,?,?,?,?,?,?,?,?,?,?,?,?,?,?,?)
Hibernate: select coalesce(count(p1_0.id),0),coalesce(sum(case when p1_0.status='CONCLUIDO' then 1 else 0 end),0),coalesce(sum(case when p1_0.status='EM_ANDAMENTO' then 1 else 0 end),0),coalesce(sum(p1_0.investimento),0),coalesce(sum(p1_0.economia_anual_estimada),0),coalesce(sum(p1_0.economia_anual_realizada),0),coalesce(sum(p1_0.horas_economizadas_mes),0),coalesce(sum(case when p1_0.investimento is null or p1_0.investimento=0 then 1 else 0 end),0),coalesce(sum(case when p1_0.investimento is not null and p1_0.investimento<>0 then p1_0.investimento else 0 end),0),coalesce(sum(case when p1_0.investimento is not null and p1_0.investimento<>0 then p1_0.economia_anual_estimada else 0 end),0),coalesce(sum(case when p1_0.investimento is not null and p1_0.investimento<>0 then p1_0.economia_anual_realizada else 0 end),0) from projeto p1_0 where p1_0.status<>'CANCELADO'
]]></system-out>
  </testcase>
</testsuite>