<?xml version="1.0" encoding="UTF-8"?>
<testsuite xmlns:xsi="http://www.w3.org/2001/XMLSchema-instance" xsi:noNamespaceSchemaLocation="https://maven.apache.org/surefire/maven-surefire-plugin/xsd/surefire-test-report.xsd" version="3.0.2" name="com.aguiabranca.api.ApiApplicationTests" time="0.313" tests="1" errors="0" skipped="0" failures="0">
  <properties>
[...]
</properties>
  <testcase name="contextLoads" classname="com.aguiabranca.api.ApiApplicationTests" time="0.003">
    <system-out><![CDATA[2026-09-18T20:40:28.755-03:00  INFO 88684 --- [api] [           main] t.c.s.AnnotationConfigContextLoaderUtils : Could not detect default configuration classes for test class [com.aguiabranca.api.ApiApplicationTests]: ApiApplicationTests does not declare any static, non-private, non-final, nested classes annotated with @Configuration.
2026-09-18T20:40:28.755-03:00  INFO 88684 --- [api] [           main] .b.t.c.SpringBootTestContextBootstrapper : Found @SpringBootConfiguration com.aguiabranca.api.ApiApplication for test class com.aguiabranca.api.ApiApplicationTests

  .   ____          _            __ _ _
 /\\ / ___'_ __ _ _(_)_ __  __ _ \ \ \ \
( ( )\___ | '_ | '_| | '_ \/ _` | \ \ \ \
 \\/  ___)| |_)| | | | | || (_| |  ) ) ) )
  '  |____| .__|_| |_|_| |_\__, | / / / /
 =========|_|==============|___/=/_/_/_/

 :: Spring Boot ::                (v3.5.6)

2026-09-18T20:40:28.763-03:00  INFO 88684 --- [api] [           main] c.aguiabranca.api.ApiApplicationTests    : Starting ApiApplicationTests using Java 21.0.12.1 with PID 88684 (started by lucassilveira in /Users/lucassilveira/Projects/fiap/aguiabranca-api)
2026-09-18T20:40:28.763-03:00  INFO 88684 --- [api] [           main] c.aguiabranca.api.ApiApplicationTests    : No active profile set, falling back to 1 default profile: "default"
2026-09-18T20:40:28.805-03:00  INFO 88684 --- [api] [           main] .s.d.r.c.RepositoryConfigurationDelegate : Bootstrapping Spring Data JPA repositories in DEFAULT mode.
2026-09-18T20:40:28.810-03:00  INFO 88684 --- [api] [           main] .s.d.r.c.RepositoryConfigurationDelegate : Finished Spring Data repository scanning in 4 ms. Found 5 JPA repository interfaces.
2026-09-18T20:40:28.839-03:00  INFO 88684 --- [api] [           main] o.hibernate.jpa.internal.util.LogHelper  : HHH000204: Processing PersistenceUnitInfo [name: default]
2026-09-18T20:40:28.840-03:00  INFO 88684 --- [api] [           main] o.h.c.internal.RegionFactoryInitiator    : HHH000026: Second-level cache disabled
2026-09-18T20:40:28.843-03:00  INFO 88684 --- [api] [           main] o.s.o.j.p.SpringPersistenceUnitInfo      : No LoadTimeWeaver setup: ignoring JPA class transformer
2026-09-18T20:40:28.843-03:00  INFO 88684 --- [api] [           main] com.zaxxer.hikari.HikariDataSource       : HikariPool-2 - Starting...
2026-09-18T20:40:28.843-03:00  INFO 88684 --- [api] [           main] com.zaxxer.hikari.pool.HikariPool        : HikariPool-2 - Added connection conn19: url=jdbc:h2:mem:aguiabrancadb user=SA
2026-09-18T20:40:28.843-03:00  INFO 88684 --- [api] [           main] com.zaxxer.hikari.HikariDataSource       : HikariPool-2 - Start completed.
2026-09-18T20:40:28.844-03:00  WARN 88684 --- [api] [           main] org.hibernate.orm.deprecation            : HHH90000025: H2Dialect does not need to be specified explicitly using 'hibernate.dialect' (remove the property setting and it will be selected by default)
2026-09-18T20:40:28.844-03:00  INFO 88684 --- [api] [           main] org.hibernate.orm.connections.pooling    : HHH10001005: Database info:
	Database JDBC URL [Connecting through datasource 'HikariDataSource (HikariPool-2)']
	Database driver: undefined/unknown
	Database version: 2.3.232
	Autocommit mode: undefined/unknown
	Isolation level: undefined/unknown
	Minimum pool size: undefined/unknown
	Maximum pool size: undefined/unknown
2026-09-18T20:40:28.866-03:00  INFO 88684 --- [api] [           main] o.h.e.t.j.p.i.JtaPlatformInitiator       : HHH000489: No JTA platform available (set 'hibernate.transaction.jta.platform' to enable JTA platform integration)
Hibernate: drop table if exists foco_estrategico cascade 
Hibernate: drop table if exists foco_estrategico_areas_potenciais cascade 
Hibernate: drop table if exists ideia cascade 
Hibernate: drop table if exists projeto cascade 
Hibernate: drop table if exists projeto_ideia cascade 
Hibernate: drop table if exists tarefa cascade 
Hibernate: drop table if exists usuario cascade 
Hibernate: create table foco_estrategico (ativo boolean not null, descricao varchar(255), id varchar(255) not null, mes varchar(255), titulo varchar(255), primary key (id))
Hibernate: create table foco_estrategico_areas_potenciais (areas_potenciais varchar(255), foco_estrategico_id varchar(255) not null)
Hibernate: create table ideia (investimento numeric(38,2), is_strategic_bonus boolean not null, prazo date, retorno numeric(38,2), atualizado_em timestamp(6), autor_id bigint not null, criado_em timestamp(6), area varchar(255), descricao varchar(255), id varchar(255) not null, titulo varchar(255), esforco enum ('ALTO','BAIXO','MEDIO'), impacto enum ('ALTO','BAIXO','MEDIO'), prioridade enum ('ALTA','BAIXA','MEDIA'), status enum ('APROVADA','CONCLUIDA','EM_EXECUCAO','ENVIADA','REJEITADA'), primary key (id))
Hibernate: create table projeto (data_inicio date, data_prevista_conclusao date, economia_anual_estimada numeric(15,2), economia_anual_realizada numeric(15,2), horas_economizadas_mes integer, investimento numeric(15,2), atualizado_em timestamp(6), criado_em timestamp(6), responsavel_id bigint, version bigint, area varchar(255), descricao varchar(255), id varchar(255) not null, observacao varchar(255), titulo varchar(255), status enum ('CANCELADO','CONCLUIDO','EM_ANDAMENTO','PLANEJADO'), primary key (id))
Hibernate: create table projeto_ideia (ideia_id varchar(255) not null unique, projeto_id varchar(255) not null, primary key (ideia_id, projeto_id))
Hibernate: create table tarefa (data_conclusao date, id integer generated by default as identity, projeto_id varchar(255), titulo varchar(255), status enum ('CONCLUIDA','EM_ANDAMENTO','PENDENTE'), primary key (id))
Hibernate: create table usuario (id bigint generated by default as identity, matricula varchar(255), nome varchar(255), senha varchar(255), perfil enum ('GESTOR','LIDERANCA','OPERADOR'), primary key (id))
Hibernate: alter table if exists foco_estrategico_areas_potenciais add constraint FKkm1x0ck10ys33riwb0nsi8axv foreign key (foco_estrategico_id) references foco_estrategico
Hibernate: alter table if exists ideia add constraint FK4x5kc8ajbm35v2uxe2916b6do foreign key (autor_id) references usuario
Hibernate: alter table if exists projeto add constraint FK1rps7s0gmrfuwjrucackceyln foreign key (responsavel_id) references usuario
Hibernate: alter table if exists projeto_ideia add constraint FKbt6r1ui5gb7vyec7non6k1dxb foreign key (ideia_id) references ideia
Hibernate: alter table if exists projeto_ideia add constraint FKcevrlddiocyws6l2vro7jgigm foreign key (projeto_id) references projeto
Hibernate: alter table if exists tarefa add constraint FK31mg2pprceeim7dki4aq2qjkb foreign key (projeto_id) references projeto
2026-09-18T20:40:28.872-03:00  INFO 88684 --- [api] [           main] j.LocalContainerEntityManagerFactoryBean : Initialized JPA EntityManagerFactory for persistence unit 'default'
2026-09-18T20:40:28.916-03:00  WARN 88684 --- [api] [           main] JpaBaseConfiguration$JpaWebConfiguration : spring.jpa.open-in-view is enabled by default. Therefore, database queries may be performed during view rendering. Explicitly configure spring.jpa.open-in-view to disable this warning
2026-09-18T20:40:28.967-03:00  INFO 88684 --- [api] [           main] c.aguiabranca.api.ApiApplicationTests    : Started ApiApplicationTests in 0.211 seconds (process running for 7.203)
Hibernate: select count(*) from usuario u1_0
Hibernate: insert into usuario (matricula,nome,perfil,senha,id) values (?,?,?,?,default)
Hibernate: insert into usuario (matricula,nome,perfil,senha,id) values (?,?,?,?,default)
Hibernate: insert into usuario (matricula,nome,perfil,senha,id) values (?,?,?,?,default)
2026-09-18T20:40:29.035-03:00  INFO 88684 --- [api] [           main] com.aguiabranca.api.config.DataSeeder    : Usuários criados
Hibernate: select count(*) from foco_estrategico fe1_0
Hibernate: insert into foco_estrategico (ativo,descricao,mes,titulo,id) values (?,?,?,?,?)
Hibernate: insert into foco_estrategico_areas_potenciais (foco_estrategico_id,areas_potenciais) values (?,?)
Hibernate: insert into foco_estrategico_areas_potenciais (foco_estrategico_id,areas_potenciais) values (?,?)
Hibernate: insert into foco_estrategico (ativo,descricao,mes,titulo,id) values (?,?,?,?,?)
Hibernate: insert into foco_estrategico_areas_potenciais (foco_estrategico_id,areas_potenciais) values (?,?)
2026-09-18T20:40:29.037-03:00  INFO 88684 --- [api] [           main] com.aguiabranca.api.config.DataSeeder    : Focos Estratégicos criados
Hibernate: select count(*) from ideia i1_0
Hibernate: select u1_0.id,u1_0.matricula,u1_0.nome,u1_0.perfil,u1_0.senha from usuario u1_0 where u1_0.matricula=?
Hibernate: insert into ideia (area,atualizado_em,autor_id,criado_em,descricao,esforco,impacto,investimento,is_strategic_bonus,prazo,prioridade,retorno,status,titulo,id) values (?,?,?,?,?,?,?,?,?,?,?,?,?,?,?)
Hibernate: insert into ideia (area,atualizado_em,autor_id,criado_em,descricao,esforco,impacto,investimento,is_strategic_bonus,prazo,prioridade,retorno,status,titulo,id) values (?,?,?,?,?,?,?,?,?,?,?,?,?,?,?)
Hibernate: insert into ideia (area,atualizado_em,autor_id,criado_em,descricao,esforco,impacto,investimento,is_strategic_bonus,prazo,prioridade,retorno,status,titulo,id) values (?,?,?,?,?,?,?,?,?,?,?,?,?,?,?)
Hibernate: insert into ideia (area,atualizado_em,autor_id,criado_em,descricao,esforco,impacto,investimento,is_strategic_bonus,prazo,prioridade,retorno,status,titulo,id) values (?,?,?,?,?,?,?,?,?,?,?,?,?,?,?)
Hibernate: insert into ideia (area,atualizado_em,autor_id,criado_em,descricao,esforco,impacto,investimento,is_strategic_bonus,prazo,prioridade,retorno,status,titulo,id) values (?,?,?,?,?,?,?,?,?,?,?,?,?,?,?)
Hibernate: insert into ideia (area,atualizado_em,autor_id,criado_em,descricao,esforco,impacto,investimento,is_strategic_bonus,prazo,prioridade,retorno,status,titulo,id) values (?,?,?,?,?,?,?,?,?,?,?,?,?,?,?)
2026-09-18T20:40:29.042-03:00  INFO 88684 --- [api] [           main] com.aguiabranca.api.config.DataSeeder    : Ideias criadas
Hibernate: select count(*) from projeto p1_0
Hibernate: select u1_0.id,u1_0.matricula,u1_0.nome,u1_0.perfil,u1_0.senha from usuario u1_0 where u1_0.matricula=?
Hibernate: select i1_0.id,i1_0.area,i1_0.atualizado_em,i1_0.autor_id,i1_0.criado_em,i1_0.descricao,i1_0.esforco,i1_0.impacto,i1_0.investimento,i1_0.is_strategic_bonus,i1_0.prazo,i1_0.prioridade,i1_0.retorno,i1_0.status,i1_0.titulo from ideia i1_0
Hibernate: insert into projeto (area,atualizado_em,criado_em,data_inicio,data_prevista_conclusao,descricao,economia_anual_estimada,economia_anual_realizada,horas_economizadas_mes,investimento,observacao,responsavel_id,status,titulo,version,id) values (?,?,?,?,?,?,?,?,?,?,?,?,?,?,?,?)
Hibernate: insert into tarefa (data_conclusao,projeto_id,status,titulo,id) values (?,?,?,?,default)
Hibernate: insert into tarefa (data_conclusao,projeto_id,status,titulo,id) values (?,?,?,?,default)
Hibernate: insert into tarefa (data_conclusao,projeto_id,status,titulo,id) values (?,?,?,?,default)
Hibernate: insert into tarefa (data_conclusao,projeto_id,status,titulo,id) values (?,?,?,?,default)
Hibernate: insert into projeto_ideia (projeto_id,ideia_id) values (?,?)
Hibernate: insert into projeto (area,atualizado_em,criado_em,data_inicio,data_prevista_conclusao,descricao,economia_anual_estimada,economia_anual_realizada,horas_economizadas_mes,investimento,observacao,responsavel_id,status,titulo,version,id) values (?,?,?,?,?,?,?,?,?,?,?,?,?,?,?,?)
Hibernate: insert into tarefa (data_conclusao,projeto_id,status,titulo,id) values (?,?,?,?,default)
Hibernate: insert into tarefa (data_conclusao,projeto_id,status,titulo,id) values (?,?,?,?,default)
Hibernate: insert into tarefa (data_conclusao,projeto_id,status,titulo,id) values (?,?,?,?,default)
Hibernate: insert into tarefa (data_conclusao,projeto_id,status,titulo,id) values (?,?,?,?,default)
Hibernate: insert into projeto_ideia (projeto_id,ideia_id) values (?,?)
Hibernate: insert into projeto (area,atualizado_em,criado_em,data_inicio,data_prevista_conclusao,descricao,economia_anual_estimada,economia_anual_realizada,horas_economizadas_mes,investimento,observacao,responsavel_id,status,titulo,version,id) values (?,?,?,?,?,?,?,?,?,?,?,?,?,?,?,?)
Hibernate: insert into tarefa (data_conclusao,projeto_id,status,titulo,id) values (?,?,?,?,default)
Hibernate: insert into tarefa (data_conclusao,projeto_id,status,titulo,id) values (?,?,?,?,default)
Hibernate: insert into tarefa (data_conclusao,projeto_id,status,titulo,id) values (?,?,?,?,default)
Hibernate: insert into projeto_ideia (projeto_id,ideia_id) values (?,?)
2026-09-18T20:40:29.062-03:00  INFO 88684 --- [api] [           main] com.aguiabranca.api.config.DataSeeder    : Projetos criados
]]></system-out>
  </testcase>
</testsuite>