<?xml version="1.0" encoding="UTF-8"?>
<testsuite xmlns:xsi="http://www.w3.org/2001/XMLSchema-instance" xsi:noNamespaceSchemaLocation="https://maven.apache.org/surefire/maven-surefire-plugin/xsd/surefire-test-report.xsd" version="3.0.2" name="com.aguiabranca.api.ApiApplicationTests" time="7.945" tests="1" errors="0" skipped="0" failures="0">
  <properties>
[...]
</properties>
  <testcase name="contextLoads" classname="com.aguiabranca.api.ApiApplicationTests" time="0.572">
    <system-out><![CDATA[23:41:26.185 [main] INFO org.springframework.test.context.support.AnnotationConfigContextLoaderUtils -- Could not detect default configuration classes for test class [com.aguiabranca.api.ApiApplicationTests]: ApiApplicationTests does not declare any static, non-private, non-final, nested classes annotated with @Configuration.
23:41:26.419 [main] INFO org.springframework.boot.test.context.SpringBootTestContextBootstrapper -- Found @SpringBootConfiguration com.aguiabranca.api.ApiApplication for test class com.aguiabranca.api.ApiApplicationTests

  .   ____          _            __ _ _
 /\\ / ___'_ __ _ _(_)_ __  __ _ \ \ \ \
( ( )\___ | '_ | '_| | '_ \/ _` | \ \ \ \
 \\/  ___)| |_)| | | | | || (_| |  ) ) ) )
  '  |____| .__|_| |_|_| |_\__, | / / / /
 =========|_|==============|___/=/_/_/_/

 :: Spring Boot ::                (v3.5.6)

2026-05-25T23:41:27.069-03:00  INFO 16196 --- [api] [           main] c.aguiabranca.api.ApiApplicationTests    : Starting ApiApplicationTests using Java 21.0.1 with PID 16196 (started by Pedro in F:\FIAP\aguiabranca-api)
2026-05-25T23:41:27.071-03:00  INFO 16196 --- [api] [           main] c.aguiabranca.api.ApiApplicationTests    : No active profile set, falling back to 1 default profile: "default"
2026-05-25T23:41:28.280-03:00  INFO 16196 --- [api] [           main] .s.d.r.c.RepositoryConfigurationDelegate : Bootstrapping Spring Data JPA repositories in DEFAULT mode.
2026-05-25T23:41:28.384-03:00  INFO 16196 --- [api] [           main] .s.d.r.c.RepositoryConfigurationDelegate : Finished Spring Data repository scanning in 90 ms. Found 4 JPA repository interfaces.
2026-05-25T23:41:29.185-03:00  INFO 16196 --- [api] [           main] o.hibernate.jpa.internal.util.LogHelper  : HHH000204: Processing PersistenceUnitInfo [name: default]
2026-05-25T23:41:29.279-03:00  INFO 16196 --- [api] [           main] org.hibernate.Version                    : HHH000412: Hibernate ORM core version 6.6.29.Final
2026-05-25T23:41:29.332-03:00  INFO 16196 --- [api] [           main] o.h.c.internal.RegionFactoryInitiator    : HHH000026: Second-level cache disabled
2026-05-25T23:41:29.841-03:00  INFO 16196 --- [api] [           main] o.s.o.j.p.SpringPersistenceUnitInfo      : No LoadTimeWeaver setup: ignoring JPA class transformer
2026-05-25T23:41:29.889-03:00  INFO 16196 --- [api] [           main] com.zaxxer.hikari.HikariDataSource       : HikariPool-1 - Starting...
2026-05-25T23:41:30.153-03:00  INFO 16196 --- [api] [           main] com.zaxxer.hikari.pool.HikariPool        : HikariPool-1 - Added connection conn0: url=jdbc:h2:mem:aguiabrancadb user=SA
2026-05-25T23:41:30.156-03:00  INFO 16196 --- [api] [           main] com.zaxxer.hikari.HikariDataSource       : HikariPool-1 - Start completed.
2026-05-25T23:41:30.194-03:00  WARN 16196 --- [api] [           main] org.hibernate.orm.deprecation            : HHH90000025: H2Dialect does not need to be specified explicitly using 'hibernate.dialect' (remove the property setting and it will be selected by default)
2026-05-25T23:41:30.224-03:00  INFO 16196 --- [api] [           main] org.hibernate.orm.connections.pooling    : HHH10001005: Database info:
	Database JDBC URL [Connecting through datasource 'HikariDataSource (HikariPool-1)']
	Database driver: undefined/unknown
	Database version: 2.3.232
	Autocommit mode: undefined/unknown
	Isolation level: undefined/unknown
	Minimum pool size: undefined/unknown
	Maximum pool size: undefined/unknown
2026-05-25T23:41:31.439-03:00  INFO 16196 --- [api] [           main] o.h.e.t.j.p.i.JtaPlatformInitiator       : HHH000489: No JTA platform available (set 'hibernate.transaction.jta.platform' to enable JTA platform integration)
Hibernate: drop table if exists foco_estrategico cascade 
Hibernate: drop table if exists foco_estrategico_areas_potenciais cascade 
Hibernate: drop table if exists ideia cascade 
Hibernate: drop table if exists marco_projeto cascade 
Hibernate: drop table if exists usuario cascade 
Hibernate: create table foco_estrategico (ativo boolean not null, descricao varchar(255), id varchar(255) not null, mes varchar(255), titulo varchar(255), primary key (id))
Hibernate: create table foco_estrategico_areas_potenciais (areas_potenciais varchar(255), foco_estrategico_id varchar(255) not null)
Hibernate: create table ideia (basekm integer, investimento float(24), is_strategic_bonus boolean not null, retorno float(24), roi_esperado float(24), area varchar(255), autor varchar(255), data varchar(255), descricao varchar(255), esforco varchar(255), id varchar(255) not null, impacto varchar(255), observacao_progresso varchar(255), prazo varchar(255), prioridade varchar(255), responsavel varchar(255), status varchar(255), titulo varchar(255), primary key (id))
Hibernate: create table marco_projeto (id integer generated by default as identity, is_completo boolean not null, data_completo varchar(255), ideia_id varchar(255), titulo varchar(255), primary key (id))
Hibernate: create table usuario (id bigint generated by default as identity, matricula varchar(255), nome varchar(255), senha varchar(255), perfil enum ('GESTOR','LIDERANCA','OPERADOR'), primary key (id))
Hibernate: alter table if exists foco_estrategico_areas_potenciais add constraint FKkm1x0ck10ys33riwb0nsi8axv foreign key (foco_estrategico_id) references foco_estrategico
Hibernate: alter table if exists marco_projeto add constraint FKcvfnbou1nw00g7nik857l9jkw foreign key (ideia_id) references ideia
2026-05-25T23:41:31.529-03:00  INFO 16196 --- [api] [           main] j.LocalContainerEntityManagerFactoryBean : Initialized JPA EntityManagerFactory for persistence unit 'default'
2026-05-25T23:41:32.185-03:00  WARN 16196 --- [api] [           main] JpaBaseConfiguration$JpaWebConfiguration : spring.jpa.open-in-view is enabled by default. Therefore, database queries may be performed during view rendering. Explicitly configure spring.jpa.open-in-view to disable this warning
2026-05-25T23:41:32.607-03:00  INFO 16196 --- [api] [           main] o.s.b.a.h2.H2ConsoleAutoConfiguration    : H2 console available at '/h2-console'. Database available at 'jdbc:h2:mem:aguiabrancadb'
2026-05-25T23:41:32.703-03:00  INFO 16196 --- [api] [           main] c.aguiabranca.api.ApiApplicationTests    : Started ApiApplicationTests in 6.038 seconds (process running for 7.412)
Hibernate: select count(*) from usuario u1_0
Hibernate: insert into usuario (matricula,nome,perfil,senha,id) values (?,?,?,?,default)
Hibernate: insert into usuario (matricula,nome,perfil,senha,id) values (?,?,?,?,default)
Hibernate: insert into usuario (matricula,nome,perfil,senha,id) values (?,?,?,?,default)
Usuários criados
Hibernate: select count(*) from foco_estrategico fe1_0
Hibernate: insert into foco_estrategico (ativo,descricao,mes,titulo,id) values (?,?,?,?,?)
Hibernate: insert into foco_estrategico_areas_potenciais (foco_estrategico_id,areas_potenciais) values (?,?)
Hibernate: insert into foco_estrategico_areas_potenciais (foco_estrategico_id,areas_potenciais) values (?,?)
Hibernate: insert into foco_estrategico (ativo,descricao,mes,titulo,id) values (?,?,?,?,?)
Hibernate: insert into foco_estrategico_areas_potenciais (foco_estrategico_id,areas_potenciais) values (?,?)
Focos Estratégicos criados
Hibernate: select count(*) from ideia i1_0
Hibernate: insert into ideia (area,autor,basekm,data,descricao,esforco,impacto,investimento,is_strategic_bonus,observacao_progresso,prazo,prioridade,responsavel,retorno,roi_esperado,status,titulo,id) values (?,?,?,?,?,?,?,?,?,?,?,?,?,?,?,?,?,?)
Hibernate: insert into marco_projeto (data_completo,ideia_id,is_completo,titulo,id) values (?,?,?,?,default)
Hibernate: insert into marco_projeto (data_completo,ideia_id,is_completo,titulo,id) values (?,?,?,?,default)
Hibernate: insert into marco_projeto (data_completo,ideia_id,is_completo,titulo,id) values (?,?,?,?,default)
Hibernate: insert into marco_projeto (data_completo,ideia_id,is_completo,titulo,id) values (?,?,?,?,default)
Hibernate: insert into ideia (area,autor,basekm,data,descricao,esforco,impacto,investimento,is_strategic_bonus,observacao_progresso,prazo,prioridade,responsavel,retorno,roi_esperado,status,titulo,id) values (?,?,?,?,?,?,?,?,?,?,?,?,?,?,?,?,?,?)
Hibernate: insert into marco_projeto (data_completo,ideia_id,is_completo,titulo,id) values (?,?,?,?,default)
Hibernate: insert into marco_projeto (data_completo,ideia_id,is_completo,titulo,id) values (?,?,?,?,default)
Hibernate: insert into marco_projeto (data_completo,ideia_id,is_completo,titulo,id) values (?,?,?,?,default)
Hibernate: insert into marco_projeto (data_completo,ideia_id,is_completo,titulo,id) values (?,?,?,?,default)
Hibernate: insert into ideia (area,autor,basekm,data,descricao,esforco,impacto,investimento,is_strategic_bonus,observacao_progresso,prazo,prioridade,responsavel,retorno,roi_esperado,status,titulo,id) values (?,?,?,?,?,?,?,?,?,?,?,?,?,?,?,?,?,?)
Hibernate: insert into ideia (area,autor,basekm,data,descricao,esforco,impacto,investimento,is_strategic_bonus,observacao_progresso,prazo,prioridade,responsavel,retorno,roi_esperado,status,titulo,id) values (?,?,?,?,?,?,?,?,?,?,?,?,?,?,?,?,?,?)
Hibernate: insert into ideia (area,autor,basekm,data,descricao,esforco,impacto,investimento,is_strategic_bonus,observacao_progresso,prazo,prioridade,responsavel,retorno,roi_esperado,status,titulo,id) values (?,?,?,?,?,?,?,?,?,?,?,?,?,?,?,?,?,?)
Hibernate: insert into marco_projeto (data_completo,ideia_id,is_completo,titulo,id) values (?,?,?,?,default)
Hibernate: insert into marco_projeto (data_completo,ideia_id,is_completo,titulo,id) values (?,?,?,?,default)
Hibernate: insert into marco_projeto (data_completo,ideia_id,is_completo,titulo,id) values (?,?,?,?,default)
Hibernate: insert into marco_projeto (data_completo,ideia_id,is_completo,titulo,id) values (?,?,?,?,default)
Ideias e Marcos criados.
]]></system-out>
    <system-err><![CDATA[Mockito is currently self-attaching to enable the inline-mock-maker. This will no longer work in future releases of the JDK. Please add Mockito as an agent to your build as described in Mockito's documentation: https://javadoc.io/doc/org.mockito/mockito-core/latest/org.mockito/org/mockito/Mockito.html#0.3
WARNING: A Java agent has been loaded dynamically (C:\Users\Pedro\.m2\repository\net\bytebuddy\byte-buddy-agent\1.17.7\byte-buddy-agent-1.17.7.jar)
WARNING: If a serviceability tool is in use, please run with -XX:+EnableDynamicAgentLoading to hide this warning
WARNING: If a serviceability tool is not in use, please run with -Djdk.instrument.traceUsage for more information
WARNING: Dynamic loading of agents will be disallowed by default in a future release
]]></system-err>
  </testcase>
</testsuite>